\BOOKMARK [0][-]{section*.2}{\376\377\000C\000o\000h\000e\000r\000e\000n\000c\000e\000\040\000R\000e\000l\000a\000t\000i\000v\000i\000t\000y\000\040\000I\000:\000\040\000C\000o\000h\000e\000r\000e\000n\000c\000e\000\040\000F\000r\000a\000m\000e\000s\000,\000\040\000F\000r\000a\000m\000e\000\040\000I\000n\000v\000a\000r\000i\000a\000n\000c\000e\000,\000\040\000a\000n\000d\000\040\000t\000h\000e\000\040\000B\000o\000r\000n\000\040\000R\000u\000l\000e}{}% 2
\BOOKMARK [1][-]{section*.1}{\376\377\000A\000b\000s\000t\000r\000a\000c\000t}{section*.2}% 1
\BOOKMARK [1][-]{section*.3}{\376\377\000I\000n\000t\000r\000o\000d\000u\000c\000t\000i\000o\000n}{section*.2}% 3
\BOOKMARK [2][-]{section*.4}{\376\377\000T\000h\000e\000\040\000M\000e\000a\000s\000u\000r\000e\000m\000e\000n\000t\000\040\000P\000r\000o\000b\000l\000e\000m\000\040\000a\000s\000\040\000a\000\040\000F\000r\000a\000m\000e\000\040\000P\000r\000o\000b\000l\000e\000m}{section*.3}% 4
\BOOKMARK [2][-]{section*.5}{\376\377\000C\000o\000h\000e\000r\000e\000n\000c\000e\000\040\000a\000s\000\040\000R\000e\000l\000a\000t\000i\000v\000i\000t\000y}{section*.3}% 5
\BOOKMARK [2][-]{section*.6}{\376\377\000O\000r\000g\000a\000n\000i\000z\000a\000t\000i\000o\000n}{section*.3}% 6
\BOOKMARK [1][-]{section*.7}{\376\377\000C\000o\000h\000e\000r\000e\000n\000c\000e\000\040\000F\000r\000a\000m\000e\000s\000\040\000a\000n\000d\000\040\000t\000h\000e\000\040\000G\000e\000o\000m\000e\000t\000r\000y\000\040\000o\000f\000\040\000Q\000u\000a\000n\000t\000u\000m\000\040\000D\000e\000s\000c\000r\000i\000p\000t\000i\000o\000n}{section*.2}% 7
\BOOKMARK [2][-]{section*.8}{\376\377\000D\000e\000f\000i\000n\000i\000t\000i\000o\000n\000s}{section*.7}% 8
\BOOKMARK [2][-]{section*.9}{\376\377\000E\000x\000a\000m\000p\000l\000e\000s}{section*.7}% 9
\BOOKMARK [2][-]{section*.10}{\376\377\000M\000e\000t\000r\000i\000c\000\040\000S\000t\000r\000u\000c\000t\000u\000r\000e}{section*.7}% 10
\BOOKMARK [2][-]{section*.11}{\376\377\000T\000h\000e\000\040\000T\000e\000n\000s\000o\000r\000\040\000F\000i\000e\000l\000d\000\040\000T\000A\000B}{section*.7}% 11
\BOOKMARK [2][-]{section*.12}{\376\377\000A\000n\000a\000l\000o\000g\000y\000\040\000w\000i\000t\000h\000\040\000S\000p\000e\000c\000i\000a\000l\000\040\000R\000e\000l\000a\000t\000i\000v\000i\000t\000y}{section*.7}% 12
\BOOKMARK [1][-]{section*.13}{\376\377\000F\000r\000a\000m\000e\000\040\000T\000r\000a\000n\000s\000f\000o\000r\000m\000a\000t\000i\000o\000n\000s\000\040\000a\000n\000d\000\040\000I\000n\000v\000a\000r\000i\000a\000n\000t\000s}{section*.2}% 13
\BOOKMARK [2][-]{section*.14}{\376\377\000F\000r\000a\000m\000e\000\040\000T\000r\000a\000n\000s\000f\000o\000r\000m\000a\000t\000i\000o\000n\000\040\000M\000a\000p\000s}{section*.13}% 14
\BOOKMARK [2][-]{section*.15}{\376\377\000G\000r\000o\000u\000p\000\040\000S\000t\000r\000u\000c\000t\000u\000r\000e}{section*.13}% 15
\BOOKMARK [2][-]{section*.16}{\376\377\000F\000r\000a\000m\000e\000\040\000S\000p\000l\000i\000t\000t\000i\000n\000g}{section*.13}% 16
\BOOKMARK [2][-]{section*.17}{\376\377\000F\000r\000a\000m\000e\000\040\000I\000n\000v\000a\000r\000i\000a\000n\000t\000s}{section*.13}% 17
\BOOKMARK [1][-]{section*.18}{\376\377\000T\000h\000e\000\040\000B\000o\000r\000n\000\040\000R\000u\000l\000e\000\040\000a\000s\000\040\000F\000r\000a\000m\000e\000-\000I\000n\000v\000a\000r\000i\000a\000n\000t\000\040\000M\000e\000a\000s\000u\000r\000e}{section*.2}% 18
\BOOKMARK [2][-]{section*.19}{\376\377\000S\000t\000a\000t\000e\000m\000e\000n\000t}{section*.18}% 19
\BOOKMARK [2][-]{section*.20}{\376\377\000D\000e\000r\000i\000v\000a\000t\000i\000o\000n}{section*.18}% 20
\BOOKMARK [2][-]{section*.21}{\376\377\000C\000o\000m\000p\000a\000r\000i\000s\000o\000n\000\040\000w\000i\000t\000h\000\040\000P\000r\000e\000v\000i\000o\000u\000s\000\040\000D\000e\000r\000i\000v\000a\000t\000i\000o\000n\000s}{section*.18}% 21
\BOOKMARK [2][-]{section*.22}{\376\377\000P\000h\000y\000s\000i\000c\000a\000l\000\040\000I\000n\000t\000e\000r\000p\000r\000e\000t\000a\000t\000i\000o\000n}{section*.18}% 22
\BOOKMARK [1][-]{section*.23}{\376\377\000P\000a\000r\000a\000d\000o\000x\000\040\000R\000e\000s\000o\000l\000u\000t\000i\000o\000n\000s\000\040\000a\000n\000d\000\040\000W\000o\000r\000k\000e\000d\000\040\000E\000x\000a\000m\000p\000l\000e\000s}{section*.2}% 23
\BOOKMARK [2][-]{section*.24}{\376\377\000D\000o\000u\000b\000l\000e\000-\000S\000l\000i\000t\000\040\000E\000x\000p\000e\000r\000i\000m\000e\000n\000t}{section*.23}% 24
\BOOKMARK [2][-]{section*.25}{\376\377\000W\000i\000g\000n\000e\000r\000'\000s\000\040\000F\000r\000i\000e\000n\000d}{section*.23}% 25
\BOOKMARK [2][-]{section*.26}{\376\377\000E\000P\000R\000\040\000a\000n\000d\000\040\000B\000e\000l\000l\000\040\000N\000o\000n\000l\000o\000c\000a\000l\000i\000t\000y}{section*.23}% 26
\BOOKMARK [2][-]{section*.27}{\376\377\000S\000c\000h\000r\000\366\000d\000i\000n\000g\000e\000r\000'\000s\000\040\000C\000a\000t}{section*.23}% 27
\BOOKMARK [1][-]{section*.28}{\376\377\000D\000i\000s\000c\000u\000s\000s\000i\000o\000n}{section*.2}% 28
\BOOKMARK [2][-]{section*.29}{\376\377\000R\000e\000s\000o\000l\000u\000t\000i\000o\000n\000\040\000o\000f\000\040\000t\000h\000e\000\040\000M\000e\000a\000s\000u\000r\000e\000m\000e\000n\000t\000\040\000P\000r\000o\000b\000l\000e\000m}{section*.28}% 29
\BOOKMARK [2][-]{section*.30}{\376\377\000Q\000u\000a\000s\000i\000p\000o\000t\000e\000n\000t\000i\000a\000l\000\040\000L\000a\000n\000d\000s\000c\000a\000p\000e}{section*.28}% 30
\BOOKMARK [2][-]{section*.31}{\376\377\000I\000n\000i\000t\000i\000a\000t\000i\000o\000n\000\040\000S\000t\000a\000t\000e\000\040\000a\000n\000d\000\040\000C\000o\000h\000e\000r\000e\000n\000c\000e\000-\000t\000o\000-\000P\000o\000i\000n\000t\000e\000r\000\040\000T\000r\000a\000n\000s\000i\000t\000i\000o\000n}{section*.28}% 31
\BOOKMARK [2][-]{section*.32}{\376\377\000Q\000u\000a\000n\000t\000u\000m\000\040\000D\000a\000r\000w\000i\000n\000i\000s\000m\000\040\000a\000n\000d\000\040\000O\000b\000j\000e\000c\000t\000i\000v\000i\000t\000y}{section*.28}% 32
\BOOKMARK [2][-]{section*.33}{\376\377\000T\000e\000s\000t\000a\000b\000l\000e\000\040\000P\000r\000e\000d\000i\000c\000t\000i\000o\000n\000s}{section*.28}% 33
\BOOKMARK [3][-]{section*.34}{\376\377\000Q\000u\000a\000n\000t\000i\000t\000a\000t\000i\000v\000e\000\040\000e\000s\000t\000i\000m\000a\000t\000e\000s}{section*.33}% 34
\BOOKMARK [2][-]{section*.35}{\376\377\000R\000e\000l\000a\000t\000i\000o\000n\000s\000h\000i\000p\000\040\000t\000o\000\040\000E\000x\000i\000s\000t\000i\000n\000g\000\040\000F\000r\000a\000m\000e\000w\000o\000r\000k\000s}{section*.28}% 35
\BOOKMARK [2][-]{section*.36}{\376\377\000G\000e\000o\000m\000e\000t\000r\000i\000c\000\040\000E\000m\000e\000r\000g\000e\000n\000c\000e\000\040\000P\000r\000o\000g\000r\000a\000m\000s}{section*.28}% 36
\BOOKMARK [1][-]{section*.37}{\376\377\000C\000o\000n\000c\000l\000u\000s\000i\000o\000n}{section*.2}% 37
\BOOKMARK [1][-]{section*.38}{\376\377\000D\000e\000c\000l\000a\000r\000a\000t\000i\000o\000n\000s}{section*.2}% 38
\BOOKMARK [2][-]{section*.39}{\376\377\000U\000s\000e\000\040\000o\000f\000\040\000A\000r\000t\000i\000f\000i\000c\000i\000a\000l\000\040\000I\000n\000t\000e\000l\000l\000i\000g\000e\000n\000c\000e\000\040\000T\000o\000o\000l\000s}{section*.38}% 39
\BOOKMARK [2][-]{section*.40}{\376\377\000C\000o\000m\000p\000e\000t\000i\000n\000g\000\040\000I\000n\000t\000e\000r\000e\000s\000t\000s}{section*.38}% 40
\BOOKMARK [2][-]{section*.41}{\376\377\000D\000a\000t\000a\000\040\000A\000v\000a\000i\000l\000a\000b\000i\000l\000i\000t\000y\000\040\000S\000t\000a\000t\000e\000m\000e\000n\000t}{section*.38}% 41
\BOOKMARK [2][-]{section*.42}{\376\377\000F\000u\000n\000d\000i\000n\000g}{section*.38}% 42
\BOOKMARK [2][-]{section*.43}{\376\377\000A\000u\000t\000h\000o\000r\000\040\000C\000o\000n\000t\000r\000i\000b\000u\000t\000i\000o\000n\000s}{section*.38}% 43
\BOOKMARK [1][-]{section*.44}{\376\377\000A\000c\000k\000n\000o\000w\000l\000e\000d\000g\000m\000e\000n\000t\000s}{section*.2}% 44
\BOOKMARK [1][-]{section*.45}{\376\377\000R\000e\000f\000e\000r\000e\000n\000c\000e\000s}{section*.2}% 45
